C:\Program Files\xNormal\3.19.3
C:\Program Files\xNormal\3.19.3\x64
C:\Program Files\xNormal\3.19.3\x64\xNormal.exe
C:\Program Files\xNormal\3.19.3\x64\DerivNMTonemapper.dll
C:\Program Files\xNormal\3.19.3\x64\HMTonemapper.exe
C:\Program Files\xNormal\3.19.3\x64\libfbxsdk.dll
C:\Program Files\xNormal\3.19.3\x64\optix.1.dll
C:\Program Files\xNormal\3.19.3\x64\optixu.1.dll
C:\Program Files\xNormal\3.19.3\x64\OgreMain.dll
C:\Program Files\xNormal\3.19.3\x64\plugins
C:\Program Files\xNormal\3.19.3\x64\plugins\MapRenderer_Default.dll
C:\Program Files\xNormal\3.19.3\x64\plugins\MapRenderer_CUDAOptix.dll
C:\Program Files\xNormal\3.19.3\x64\plugins\MapRenderer_OpenRL.dll
C:\Program Files\xNormal\3.19.3\x64\plugins\MeshImporterExporter_sbm.dll
C:\Program Files\xNormal\3.19.3\x64\plugins\MeshImporterExporter_ovb.dll
C:\Program Files\xNormal\3.19.3\x64\plugins\MeshImporter_x.dll
C:\Program Files\xNormal\3.19.3\x64\plugins\MeshImporter_ply.dll
C:\Program Files\xNormal\3.19.3\x64\plugins\MeshImporter_obj.dll
C:\Program Files\xNormal\3.19.3\x64\plugins\MeshImporter_ms3d.dll
C:\Program Files\xNormal\3.19.3\x64\plugins\MeshImporter_lwo.dll
C:\Program Files\xNormal\3.19.3\x64\plugins\MeshImporter_fbx.dll
C:\Program Files\xNormal\3.19.3\x64\plugins\MeshImporter_dxf.dll
C:\Program Files\xNormal\3.19.3\x64\plugins\MeshImporter_ase.dll
C:\Program Files\xNormal\3.19.3\x64\plugins\MeshImporter_3ds.dll
C:\Program Files\xNormal\3.19.3\x64\plugins\MeshImporter_stooge.dll
C:\Program Files\xNormal\3.19.3\x64\plugins\MeshImporter_Silo.dll
C:\Program Files\xNormal\3.19.3\x64\plugins\MeshImporter_off.dll
C:\Program Files\xNormal\3.19.3\x64\plugins\MeshImporterExporter_OgreBin.dll
C:\Program Files\xNormal\3.19.3\x64\plugins\mikktspacePlugin.dll
C:\Program Files\xNormal\3.19.3\x64\plugins\ImageImporterExporter_tiff.dll
C:\Program Files\xNormal\3.19.3\x64\plugins\ImageImporterExporter_tga.dll
C:\Program Files\xNormal\3.19.3\x64\plugins\ImageImporterExporter_raw.dll
C:\Program Files\xNormal\3.19.3\x64\plugins\ImageImporterExporter_psd.dll
C:\Program Files\xNormal\3.19.3\x64\plugins\ImageImporterExporter_png.dll
C:\Program Files\xNormal\3.19.3\x64\plugins\ImageImporterExporter_jpg.dll
C:\Program Files\xNormal\3.19.3\x64\plugins\ImageImporterExporter_hdr.dll
C:\Program Files\xNormal\3.19.3\x64\plugins\ImageImporterExporter_exr.dll
C:\Program Files\xNormal\3.19.3\x64\plugins\ImageImporterExporter_dds.dll
C:\Program Files\xNormal\3.19.3\x64\plugins\ImageImporterExporter_bmp.dll
C:\Program Files\xNormal\3.19.3\x64\plugins\ImageImporterExporter_Webp.dll
C:\Program Files\xNormal\3.19.3\x64\plugins\DX10GDrv.dll
C:\Program Files\xNormal\3.19.3\x64\plugins\VideoMaker_VFW.dll
C:\Program Files\xNormal\3.19.3\ui
C:\Program Files\xNormal\3.19.3\ui\controls.lua
C:\Program Files\xNormal\3.19.3\ui\input.lua
C:\Program Files\xNormal\3.19.3\ui\ui.lua
C:\Program Files\xNormal\3.19.3\ui\utils.lua
C:\Program Files\xNormal\3.19.3\ui\ui.png
C:\Program Files\xNormal\3.19.3\ui\localization_.xml
C:\Program Files\xNormal\3.19.3\ui\localization_french.xml
C:\Program Files\xNormal\3.19.3\ui\localization_german.xml
C:\Program Files\xNormal\3.19.3\ui\localization_hebrew.xml
C:\Program Files\xNormal\3.19.3\ui\localization_italiano.xml
C:\Program Files\xNormal\3.19.3\ui\localization_japanese.xml
C:\Program Files\xNormal\3.19.3\ui\localization_korean.xml
C:\Program Files\xNormal\3.19.3\ui\localization_portuguese.xml
C:\Program Files\xNormal\3.19.3\ui\localization_russian.xml
C:\Program Files\xNormal\3.19.3\ui\localization_simple_mandarin.xml
C:\Program Files\xNormal\3.19.3\ui\localization_spanish_spain.xml
C:\Program Files\xNormal\3.19.3\docs
C:\Program Files\xNormal\3.19.3\docs\xNormalHelp.pdf
C:\Program Files\xNormal\3.19.3\docs\xNormal_legal_unified.rtf
C:\Program Files\xNormal\3.19.3\examples
C:\Program Files\xNormal\3.19.3\examples\checked.tga
C:\Program Files\xNormal\3.19.3\examples\detail2.bmp
C:\Program Files\xNormal\3.19.3\examples\detail.exr
C:\Program Files\xNormal\3.19.3\examples\detail.tif
C:\Program Files\xNormal\3.19.3\examples\DiffuseGI_WhiteSmokeIntense.jpg
C:\Program Files\xNormal\3.19.3\examples\grey.tga
C:\Program Files\xNormal\3.19.3\examples\referenceCubemap.jpg
C:\Program Files\xNormal\3.19.3\examples\pcube.jpg
C:\Program Files\xNormal\3.19.3\examples\acid
C:\Program Files\xNormal\3.19.3\examples\acid\acid.ase
C:\Program Files\xNormal\3.19.3\examples\acid\acid.bmp
C:\Program Files\xNormal\3.19.3\examples\acid\acid.dds
C:\Program Files\xNormal\3.19.3\examples\acid\acid.exr
C:\Program Files\xNormal\3.19.3\examples\acid\acid.hdr
C:\Program Files\xNormal\3.19.3\examples\acid\acid.jpg
C:\Program Files\xNormal\3.19.3\examples\acid\acid.png
C:\Program Files\xNormal\3.19.3\examples\acid\acid.psd
C:\Program Files\xNormal\3.19.3\examples\acid\acid.tga
C:\Program Files\xNormal\3.19.3\examples\acid\acid.tif
C:\Program Files\xNormal\3.19.3\examples\acid\acid.x
C:\Program Files\xNormal\3.19.3\examples\acid\acid_emissive.jpg
C:\Program Files\xNormal\3.19.3\examples\acid\acid_gloss.exr
C:\Program Files\xNormal\3.19.3\examples\acid\acid_high.obj
C:\Program Files\xNormal\3.19.3\examples\acid\acid_low.3ds
C:\Program Files\xNormal\3.19.3\examples\acid\acid_low.dae
C:\Program Files\xNormal\3.19.3\examples\acid\acid_low.lxo
C:\Program Files\xNormal\3.19.3\examples\acid\acid_low.lwo
C:\Program Files\xNormal\3.19.3\examples\acid\acid_low_stooge.mesh
C:\Program Files\xNormal\3.19.3\examples\acid\acid_low.ms3d
C:\Program Files\xNormal\3.19.3\examples\acid\acid_low.obj
C:\Program Files\xNormal\3.19.3\examples\acid\acid_low.ovb
C:\Program Files\xNormal\3.19.3\examples\acid\acid_low.ply
C:\Program Files\xNormal\3.19.3\examples\acid\acid_low.sia
C:\Program Files\xNormal\3.19.3\examples\acid\acid_low.sib
C:\Program Files\xNormal\3.19.3\examples\acid\acid_low.sbm
C:\Program Files\xNormal\3.19.3\examples\acid\acid_low.xsi
C:\Program Files\xNormal\3.19.3\examples\acid\acid_normals.exr
C:\Program Files\xNormal\3.19.3\examples\acid\acid_occlusion.exr
C:\Program Files\xNormal\3.19.3\examples\acid\acid_spec.exr
C:\Program Files\xNormal\3.19.3\examples\flag base texture baking
C:\Program Files\xNormal\3.19.3\examples\flag base texture baking\euAndBark.jpg
C:\Program Files\xNormal\3.19.3\examples\flag base texture baking\flag_baseTexBaked.tga
C:\Program Files\xNormal\3.19.3\examples\flag base texture baking\flag_high.obj
C:\Program Files\xNormal\3.19.3\examples\flag base texture baking\flag_low.ase
C:\Program Files\xNormal\3.19.3\examples\flag base texture baking\flag_low.sbm
C:\Program Files\xNormal\3.19.3\examples\flag base texture baking\flag_normals.tga
C:\Program Files\xNormal\3.19.3\examples\flag base texture baking\flag_occlusion.tga
C:\Program Files\xNormal\3.19.3\examples\mirroredUVs and hard edges
C:\Program Files\xNormal\3.19.3\examples\mirroredUVs and hard edges\Letters.tga
C:\Program Files\xNormal\3.19.3\examples\mirroredUVs and hard edges\mirroredUVsAndHardEdges.ase
C:\Program Files\xNormal\3.19.3\examples\parallax wall
C:\Program Files\xNormal\3.19.3\examples\parallax wall\wall_base.jpg
C:\Program Files\xNormal\3.19.3\examples\parallax wall\wall_high.obj
C:\Program Files\xNormal\3.19.3\examples\parallax wall\wall_low.obj
C:\Program Files\xNormal\3.19.3\examples\parallax wall\wall_low_cage.obj
C:\Program Files\xNormal\3.19.3\examples\parallax wall\wall_normals.tga
C:\Program Files\xNormal\3.19.3\examples\parallax wall\wall_heights.tga
C:\Program Files\xNormal\3.19.3\examples\parallax wall\wall_occlusion.tga
C:\Program Files\xNormal\3.19.3\examples\parallax wall\wall_specular.tga
C:\Program Files\xNormal\3.19.3\examples\raytracing scene
C:\Program Files\xNormal\3.19.3\examples\raytracing scene\box.SBM
C:\Program Files\xNormal\3.19.3\examples\raytracing scene\Gray.png
C:\Program Files\xNormal\3.19.3\examples\raytracing scene\Purple.png
C:\Program Files\xNormal\3.19.3\examples\raytracing scene\Red.png
C:\Program Files\xNormal\3.19.3\examples\raytracing scene\teapot.SBM
C:\Program Files\xNormal\3.19.3\examples\raytracing scene\wall_1.SBM
C:\Program Files\xNormal\3.19.3\examples\raytracing scene\wall_2.SBM
C:\Program Files\xNormal\3.19.3\examples\raytracing scene\wall_base.SBM
C:\Program Files\xNormal\3.19.3\examples\cornell box
C:\Program Files\xNormal\3.19.3\examples\cornell box\box.SBM
C:\Program Files\xNormal\3.19.3\examples\cornell box\green.png
C:\Program Files\xNormal\3.19.3\examples\cornell box\green.SBM
C:\Program Files\xNormal\3.19.3\examples\cornell box\objects.SBM
C:\Program Files\xNormal\3.19.3\examples\cornell box\red.png
C:\Program Files\xNormal\3.19.3\examples\cornell box\red.SBM
C:\Program Files\xNormal\3.19.3\examples\cornell box\skin.png
C:\Program Files\xNormal\3.19.3\examples\VDM
C:\Program Files\xNormal\3.19.3\examples\VDM\sphere_occlusion.tga
C:\Program Files\xNormal\3.19.3\examples\VDM\sphere_high.obj
C:\Program Files\xNormal\3.19.3\examples\VDM\sphere_low.obj
C:\Program Files\xNormal\3.19.3\examples\VDM\sphere_directions.tga
C:\Program Files\xNormal\3.19.3\examples\VDM\sphere_normals.tga
C:\Program Files\xNormal\3.19.3\x64\3dsmax_plugins\
C:\Program Files\xNormal\3.19.3\x64\3dsmax_plugins\xNormal_3dsmax2k14_sbm_exporter_x64.dle
C:\Program Files\xNormal\3.19.3\x64\3dsmax_plugins\xNormal_3dsmax2k14_sbm_importer_x64.dli
C:\Program Files\xNormal\3.19.3\x64\3dsmax_plugins\xNormal_3dsmax2k15_sbm_exporter_x64.dle
C:\Program Files\xNormal\3.19.3\x64\3dsmax_plugins\xNormal_3dsmax2k15_sbm_importer_x64.dli
C:\Program Files\xNormal\3.19.3\x64\3dsmax_plugins\xNormal_3dsmax2k16_sbm_exporter_x64.dle
C:\Program Files\xNormal\3.19.3\x64\3dsmax_plugins\xNormal_3dsmax2k16_sbm_importer_x64.dli
C:\Program Files\xNormal\3.19.3\x64\3dsmax_plugins\xNormal_3dsmax2k17_sbm_exporter_x64.dle
C:\Program Files\xNormal\3.19.3\x64\3dsmax_plugins\xNormal_3dsmax2k17_sbm_importer_x64.dli
C:\Program Files\xNormal\3.19.3\x64\3dsmax_plugins\xNormal_3dsmax2k18_sbm_exporter_x64.dle
C:\Program Files\xNormal\3.19.3\x64\3dsmax_plugins\xNormal_3dsmax2k18_sbm_importer_x64.dli
C:\Program Files\xNormal\3.19.3\x64\3dsmax_plugins\xNormal_3dsmax2k19_sbm_exporter_x64.dle
C:\Program Files\xNormal\3.19.3\x64\3dsmax_plugins\xNormal_3dsmax2k19_sbm_importer_x64.dli
C:\Program Files\xNormal\3.19.3\x64\maya_plugins\
C:\Program Files\xNormal\3.19.3\x64\maya_plugins\readme.txt
C:\Program Files\xNormal\3.19.3\x64\maya_plugins\xNormalSBMTranslator.mel
C:\Program Files\xNormal\3.19.3\x64\maya_plugins\xNormalSBM_Maya2k14_x64.mll
C:\Program Files\xNormal\3.19.3\x64\maya_plugins\xNormalSBM_Maya2k15_x64.mll
C:\Program Files\xNormal\3.19.3\x64\maya_plugins\xNormalSBM_Maya2k16_x64.mll
C:\Program Files\xNormal\3.19.3\x64\maya_plugins\xNormalSBM_Maya2k17_x64.mll
C:\Program Files\xNormal\3.19.3\x64\maya_plugins\xNormalSBM_Maya2k18_x64.mll
C:\Program Files\Autodesk\Maya2016\scripts\xNormalSBMTranslator.mel
C:\Program Files\Autodesk\Maya2016\bin\plug-ins\xNormalSBM_Maya2k16_x64.mll
C:\Program Files\xNormal\3.19.3\x64\photoshop_plugins\
C:\Program Files\xNormal\3.19.3\x64\photoshop_plugins\xNormal_PSFilter_HM2NM_x64.8BF
C:\Program Files\xNormal\3.19.3\x64\photoshop_plugins\xNormal_PSFilter_NM2CM_x64.8BF
C:\Program Files\xNormal\3.19.3\x64\photoshop_plugins\xNormal_PSFilter_HM2OM_x64.8BF
C:\Program Files\xNormal\3.19.3\x64\photoshop_plugins\xNormal_PSFilter_NMNormalizer_x64.8BF
C:\Program Files\xNormal\3.19.3\x64\photoshop_plugins\xNormal_PSFilter_Dilation_x64.8BF
C:\Program Files\xNormal\3.19.3\x64
